0 info it worked if it ends with ok
1 verbose cli [ 'C:\\Program Files\\nodejs\\\\node.exe',
1 verbose cli   'C:\\Program Files\\nodejs\\node_modules\\npm\\bin\\npm-cli.js',
1 verbose cli   'run',
1 verbose cli   'postinstall' ]
2 info using npm@2.10.1
3 info using node@v0.12.4
4 verbose run-script [ 'postinstall' ]
5 info postinstall @
6 verbose unsafe-perm in lifecycle true
7 info @ Failed to exec postinstall script
8 verbose stack Error: @ postinstall: `bower install && gulp styles`
8 verbose stack Exit status 1
8 verbose stack     at EventEmitter.<anonymous> (C:\Program Files\nodejs\node_modules\npm\lib\utils\lifecycle.js:213:16)
8 verbose stack     at EventEmitter.emit (events.js:110:17)
8 verbose stack     at ChildProcess.<anonymous> (C:\Program Files\nodejs\node_modules\npm\lib\utils\spawn.js:24:14)
8 verbose stack     at ChildProcess.emit (events.js:110:17)
8 verbose stack     at maybeClose (child_process.js:1015:16)
8 verbose stack     at Process.ChildProcess._handle.onexit (child_process.js:1087:5)
9 verbose pkgid @
10 verbose cwd C:\Users\giles\Documents\gulp
11 error Windows_NT 6.3.9600
12 error argv "C:\\Program Files\\nodejs\\\\node.exe" "C:\\Program Files\\nodejs\\node_modules\\npm\\bin\\npm-cli.js" "run" "postinstall"
13 error node v0.12.4
14 error npm  v2.10.1
15 error code ELIFECYCLE
16 error @ postinstall: `bower install && gulp styles`
16 error Exit status 1
17 error Failed at the @ postinstall script 'bower install && gulp styles'.
17 error This is most likely a problem with the  package,
17 error not with npm itself.
17 error Tell the author that this fails on your system:
17 error     bower install && gulp styles
17 error You can get their info via:
17 error     npm owner ls
17 error There is likely additional logging output above.
18 verbose exit [ 1, true ]
